{"total": {"lines":{"total":76,"covered":65,"skipped":0,"pct":85.52},"statements":{"total":78,"covered":67,"skipped":0,"pct":85.89},"functions":{"total":20,"covered":18,"skipped":0,"pct":90},"branches":{"total":46,"covered":39,"skipped":0,"pct":84.78},"branchesTrue":{"total":0,"covered":0,"skipped":0,"pct":100}}
,"/Users/Ralf.Notheis/ws/TCH Gastro Services.worktrees/feature-209-verzehr-gesamt-summe-anzeigen/app/_verzehr/VerzehrErfassung.tsx": {"lines":{"total":27,"covered":27,"skipped":0,"pct":100},"functions":{"total":13,"covered":13,"skipped":0,"pct":100},"statements":{"total":29,"covered":29,"skipped":0,"pct":100},"branches":{"total":25,"covered":25,"skipped":0,"pct":100}}
,"/Users/Ralf.Notheis/ws/TCH Gastro Services.worktrees/feature-209-verzehr-gesamt-summe-anzeigen/app/_verzehr/artikel-anzeige.ts": {"lines":{"total":13,"covered":13,"skipped":0,"pct":100},"functions":{"total":3,"covered":3,"skipped":0,"pct":100},"statements":{"total":13,"covered":13,"skipped":0,"pct":100},"branches":{"total":6,"covered":6,"skipped":0,"pct":100}}
,"/Users/Ralf.Notheis/ws/TCH Gastro Services.worktrees/feature-209-verzehr-gesamt-summe-anzeigen/app/_verzehr/category-labels.ts": {"lines":{"total":1,"covered":1,"skipped":0,"pct":100},"functions":{"total":0,"covered":0,"skipped":0,"pct":100},"statements":{"total":1,"covered":1,"skipped":0,"pct":100},"branches":{"total":0,"covered":0,"skipped":0,"pct":100}}
,"/Users/Ralf.Notheis/ws/TCH Gastro Services.worktrees/feature-209-verzehr-gesamt-summe-anzeigen/app/_verzehr/summen.ts": {"lines":{"total":14,"covered":14,"skipped":0,"pct":100},"functions":{"total":1,"covered":1,"skipped":0,"pct":100},"statements":{"total":14,"covered":14,"skipped":0,"pct":100},"branches":{"total":6,"covered":6,"skipped":0,"pct":100}}
,"/Users/Ralf.Notheis/ws/TCH Gastro Services.worktrees/feature-209-verzehr-gesamt-summe-anzeigen/lib/money.ts": {"lines":{"total":21,"covered":10,"skipped":0,"pct":47.61},"functions":{"total":3,"covered":1,"skipped":0,"pct":33.33},"statements":{"total":21,"covered":10,"skipped":0,"pct":47.61},"branches":{"total":9,"covered":2,"skipped":0,"pct":22.22}}
}
